<?xml version="1.0" encoding="UTF-8"?>
<testsuite xmlns:xsi="http://www.w3.org/2001/XMLSchema-instance" xsi:noNamespaceSchemaLocation="https://maven.apache.org/surefire/maven-surefire-plugin/xsd/surefire-test-report-3.0.xsd" version="3.0" name="com.mongodb.lyric_semantic_search.LyricSemanticSearchApplicationTests" time="3.288" tests="1" errors="0" skipped="0" failures="0">
  <properties>
    <property name="java.specification.version" value="22"/>
    <property name="sun.jnu.encoding" value="UTF-8"/>
    <property name="java.class.path" value="/Users/tim.kelly/Documents/JavaProjects/lyric-semantic-search/target/test-classes:/Users/tim.kelly/Documents/JavaProjects/lyric-semantic-search/target/classes:/Users/tim.kelly/.m2/repository/org/springframework/boot/spring-boot-starter-data-mongodb/3.3.2/spring-boot-starter-data-mongodb-3.3.2.jar:/Users/tim.kelly/.m2/repository/org/springframework/boot/spring-boot-starter/3.3.2/spring-boot-starter-3.3.2.jar:/Users/tim.kelly/.m2/repository/org/springframework/boot/spring-boot/3.3.2/spring-boot-3.3.2.jar:/Users/tim.kelly/.m2/repository/org/springframework/boot/spring-boot-autoconfigure/3.3.2/spring-boot-autoconfigure-3.3.2.jar:/Users/tim.kelly/.m2/repository/org/springframework/boot/spring-boot-starter-logging/3.3.2/spring-boot-starter-logging-3.3.2.jar:/Users/tim.kelly/.m2/repository/ch/qos/logback/logback-classic/1.5.6/logback-classic-1.5.6.jar:/Users/tim.kelly/.m2/repository/ch/qos/logback/logback-core/1.5.6/logback-core-1.5.6.jar:/Users/tim.kelly/.m2/repository/org/apache/logging/log4j/log4j-to-slf4j/2.23.1/log4j-to-slf4j-2.23.1.jar:/Users/tim.kelly/.m2/repository/org/apache/logging/log4j/log4j-api/2.23.1/log4j-api-2.23.1.jar:/Users/tim.kelly/.m2/repository/org/slf4j/jul-to-slf4j/2.0.13/jul-to-slf4j-2.0.13.jar:/Users/tim.kelly/.m2/repository/jakarta/annotation/jakarta.annotation-api/2.1.1/jakarta.annotation-api-2.1.1.jar:/Users/tim.kelly/.m2/repository/org/yaml/snakeyaml/2.2/snakeyaml-2.2.jar:/Users/tim.kelly/.m2/repository/org/mongodb/mongodb-driver-sync/5.0.1/mongodb-driver-sync-5.0.1.jar:/Users/tim.kelly/.m2/repository/org/mongodb/bson/5.0.1/bson-5.0.1.jar:/Users/tim.kelly/.m2/repository/org/mongodb/mongodb-driver-core/5.0.1/mongodb-driver-core-5.0.1.jar:/Users/tim.kelly/.m2/repository/org/mongodb/bson-record-codec/5.0.1/bson-record-codec-5.0.1.jar:/Users/tim.kelly/.m2/repository/org/springframework/data/spring-data-mongodb/4.3.2/spring-data-mongodb-4.3.2.jar:/Users/tim.kelly/.m2/repository/org/springframework/spring-tx/6.1.11/spring-tx-6.1.11.jar:/Users/tim.kelly/.m2/repository/org/springframework/spring-context/6.1.11/spring-context-6.1.11.jar:/Users/tim.kelly/.m2/repository/org/springframework/spring-beans/6.1.11/spring-beans-6.1.11.jar:/Users/tim.kelly/.m2/repository/org/springframework/spring-expression/6.1.11/spring-expression-6.1.11.jar:/Users/tim.kelly/.m2/repository/org/springframework/data/spring-data-commons/3.3.2/spring-data-commons-3.3.2.jar:/Users/tim.kelly/.m2/repository/org/slf4j/slf4j-api/2.0.13/slf4j-api-2.0.13.jar:/Users/tim.kelly/.m2/repository/org/springframework/boot/spring-boot-starter-web/3.3.2/spring-boot-starter-web-3.3.2.jar:/Users/tim.kelly/.m2/repository/org/springframework/boot/spring-boot-starter-json/3.3.2/spring-boot-starter-json-3.3.2.jar:/Users/tim.kelly/.m2/repository/com/fasterxml/jackson/core/jackson-databind/2.17.2/jackson-databind-2.17.2.jar:/Users/tim.kelly/.m2/repository/com/fasterxml/jackson/core/jackson-annotations/2.17.2/jackson-annotations-2.17.2.jar:/Users/tim.kelly/.m2/repository/com/fasterxml/jackson/core/jackson-core/2.17.2/jackson-core-2.17.2.jar:/Users/tim.kelly/.m2/repository/com/fasterxml/jackson/datatype/jackson-datatype-jdk8/2.17.2/jackson-datatype-jdk8-2.17.2.jar:/Users/tim.kelly/.m2/repository/com/fasterxml/jackson/datatype/jackson-datatype-jsr310/2.17.2/jackson-datatype-jsr310-2.17.2.jar:/Users/tim.kelly/.m2/repository/com/fasterxml/jackson/module/jackson-module-parameter-names/2.17.2/jackson-module-parameter-names-2.17.2.jar:/Users/tim.kelly/.m2/repository/org/springframework/boot/spring-boot-starter-tomcat/3.3.2/spring-boot-starter-tomcat-3.3.2.jar:/Users/tim.kelly/.m2/repository/org/apache/tomcat/embed/tomcat-embed-core/10.1.26/tomcat-embed-core-10.1.26.jar:/Users/tim.kelly/.m2/repository/org/apache/tomcat/embed/tomcat-embed-el/10.1.26/tomcat-embed-el-10.1.26.jar:/Users/tim.kelly/.m2/repository/org/apache/tomcat/embed/tomcat-embed-websocket/10.1.26/tomcat-embed-websocket-10.1.26.jar:/Users/tim.kelly/.m2/repository/org/springframework/spring-web/6.1.11/spring-web-6.1.11.jar:/Users/tim.kelly/.m2/repository/io/micrometer/micrometer-observation/1.13.2/micrometer-observation-1.13.2.jar:/Users/tim.kelly/.m2/repository/io/micrometer/micrometer-commons/1.13.2/micrometer-commons-1.13.2.jar:/Users/tim.kelly/.m2/repository/org/springframework/spring-webmvc/6.1.11/spring-webmvc-6.1.11.jar:/Users/tim.kelly/.m2/repository/org/springframework/spring-aop/6.1.11/spring-aop-6.1.11.jar:/Users/tim.kelly/.m2/repository/org/springframework/ai/spring-ai-mongodb-atlas-store-spring-boot-starter/1.0.0-SNAPSHOT/spring-ai-mongodb-atlas-store-spring-boot-starter-1.0.0-SNAPSHOT.jar:/Users/tim.kelly/.m2/repository/org/springframework/ai/spring-ai-spring-boot-autoconfigure/1.0.0-SNAPSHOT/spring-ai-spring-boot-autoconfigure-1.0.0-SNAPSHOT.jar:/Users/tim.kelly/.m2/repository/org/springframework/ai/spring-ai-mongodb-atlas-store/1.0.0-SNAPSHOT/spring-ai-mongodb-atlas-store-1.0.0-SNAPSHOT.jar:/Users/tim.kelly/.m2/repository/org/springframework/ai/spring-ai-core/1.0.0-SNAPSHOT/spring-ai-core-1.0.0-SNAPSHOT.jar:/Users/tim.kelly/.m2/repository/io/swagger/core/v3/swagger-annotations/2.2.20/swagger-annotations-2.2.20.jar:/Users/tim.kelly/.m2/repository/com/github/victools/jsonschema-module-swagger-2/4.35.0/jsonschema-module-swagger-2-4.35.0.jar:/Users/tim.kelly/.m2/repository/org/springframework/cloud/spring-cloud-function-context/4.1.3/spring-cloud-function-context-4.1.3.jar:/Users/tim.kelly/.m2/repository/net/jodah/typetools/0.6.2/typetools-0.6.2.jar:/Users/tim.kelly/.m2/repository/org/springframework/cloud/spring-cloud-function-core/4.1.3/spring-cloud-function-core-4.1.3.jar:/Users/tim.kelly/.m2/repository/org/json/json/20240303/json-20240303.jar:/Users/tim.kelly/.m2/repository/org/antlr/ST4/4.3.4/ST4-4.3.4.jar:/Users/tim.kelly/.m2/repository/org/antlr/antlr-runtime/3.5.3/antlr-runtime-3.5.3.jar:/Users/tim.kelly/.m2/repository/org/antlr/antlr4-runtime/4.13.1/antlr4-runtime-4.13.1.jar:/Users/tim.kelly/.m2/repository/io/projectreactor/reactor-core/3.6.8/reactor-core-3.6.8.jar:/Users/tim.kelly/.m2/repository/org/reactivestreams/reactive-streams/1.0.4/reactive-streams-1.0.4.jar:/Users/tim.kelly/.m2/repository/org/springframework/spring-messaging/6.1.11/spring-messaging-6.1.11.jar:/Users/tim.kelly/.m2/repository/io/micrometer/micrometer-core/1.13.2/micrometer-core-1.13.2.jar:/Users/tim.kelly/.m2/repository/org/hdrhistogram/HdrHistogram/2.2.2/HdrHistogram-2.2.2.jar:/Users/tim.kelly/.m2/repository/org/latencyutils/LatencyUtils/2.0.3/LatencyUtils-2.0.3.jar:/Users/tim.kelly/.m2/repository/com/knuddels/jtokkit/1.1.0/jtokkit-1.1.0.jar:/Users/tim.kelly/.m2/repository/org/springframework/ai/spring-ai-openai-spring-boot-starter/1.0.0-SNAPSHOT/spring-ai-openai-spring-boot-starter-1.0.0-SNAPSHOT.jar:/Users/tim.kelly/.m2/repository/org/springframework/ai/spring-ai-openai/1.0.0-SNAPSHOT/spring-ai-openai-1.0.0-SNAPSHOT.jar:/Users/tim.kelly/.m2/repository/org/springframework/ai/spring-ai-retry/1.0.0-SNAPSHOT/spring-ai-retry-1.0.0-SNAPSHOT.jar:/Users/tim.kelly/.m2/repository/org/springframework/retry/spring-retry/2.0.7/spring-retry-2.0.7.jar:/Users/tim.kelly/.m2/repository/org/springframework/spring-webflux/6.1.11/spring-webflux-6.1.11.jar:/Users/tim.kelly/.m2/repository/io/rest-assured/json-path/5.4.0/json-path-5.4.0.jar:/Users/tim.kelly/.m2/repository/org/apache/groovy/groovy-json/4.0.22/groovy-json-4.0.22.jar:/Users/tim.kelly/.m2/repository/org/apache/groovy/groovy/4.0.22/groovy-4.0.22.jar:/Users/tim.kelly/.m2/repository/io/rest-assured/rest-assured-common/5.4.0/rest-assured-common-5.4.0.jar:/Users/tim.kelly/.m2/repository/org/apache/commons/commons-lang3/3.14.0/commons-lang3-3.14.0.jar:/Users/tim.kelly/.m2/repository/com/github/victools/jsonschema-generator/4.31.1/jsonschema-generator-4.31.1.jar:/Users/tim.kelly/.m2/repository/com/fasterxml/classmate/1.7.0/classmate-1.7.0.jar:/Users/tim.kelly/.m2/repository/com/github/victools/jsonschema-module-jackson/4.31.1/jsonschema-module-jackson-4.31.1.jar:/Users/tim.kelly/.m2/repository/org/springframework/spring-context-support/6.1.11/spring-context-support-6.1.11.jar:/Users/tim.kelly/.m2/repository/org/springframework/boot/spring-boot-starter-test/3.3.2/spring-boot-starter-test-3.3.2.jar:/Users/tim.kelly/.m2/repository/org/springframework/boot/spring-boot-test/3.3.2/spring-boot-test-3.3.2.jar:/Users/tim.kelly/.m2/repository/org/springframework/boot/spring-boot-test-autoconfigure/3.3.2/spring-boot-test-autoconfigure-3.3.2.jar:/Users/tim.kelly/.m2/repository/com/jayway/jsonpath/json-path/2.9.0/json-path-2.9.0.jar:/Users/tim.kelly/.m2/repository/jakarta/xml/bind/jakarta.xml.bind-api/4.0.2/jakarta.xml.bind-api-4.0.2.jar:/Users/tim.kelly/.m2/repository/jakarta/activation/jakarta.activation-api/2.1.3/jakarta.activation-api-2.1.3.jar:/Users/tim.kelly/.m2/repository/net/minidev/json-smart/2.5.1/json-smart-2.5.1.jar:/Users/tim.kelly/.m2/repository/net/minidev/accessors-smart/2.5.1/accessors-smart-2.5.1.jar:/Users/tim.kelly/.m2/repository/org/ow2/asm/asm/9.6/asm-9.6.jar:/Users/tim.kelly/.m2/repository/org/assertj/assertj-core/3.25.3/assertj-core-3.25.3.jar:/Users/tim.kelly/.m2/repository/net/bytebuddy/byte-buddy/1.14.18/byte-buddy-1.14.18.jar:/Users/tim.kelly/.m2/repository/org/awaitility/awaitility/4.2.1/awaitility-4.2.1.jar:/Users/tim.kelly/.m2/repository/org/hamcrest/hamcrest/2.2/hamcrest-2.2.jar:/Users/tim.kelly/.m2/repository/org/junit/jupiter/junit-jupiter/5.10.3/junit-jupiter-5.10.3.jar:/Users/tim.kelly/.m2/repository/org/junit/jupiter/junit-jupiter-api/5.10.3/junit-jupiter-api-5.10.3.jar:/Users/tim.kelly/.m2/repository/org/opentest4j/opentest4j/1.3.0/opentest4j-1.3.0.jar:/Users/tim.kelly/.m2/repository/org/junit/platform/junit-platform-commons/1.10.3/junit-platform-commons-1.10.3.jar:/Users/tim.kelly/.m2/repository/org/apiguardian/apiguardian-api/1.1.2/apiguardian-api-1.1.2.jar:/Users/tim.kelly/.m2/repository/org/junit/jupiter/junit-jupiter-params/5.10.3/junit-jupiter-params-5.10.3.jar:/Users/tim.kelly/.m2/repository/org/junit/jupiter/junit-jupiter-engine/5.10.3/junit-jupiter-engine-5.10.3.jar:/Users/tim.kelly/.m2/repository/org/junit/platform/junit-platform-engine/1.10.3/junit-platform-engine-1.10.3.jar:/Users/tim.kelly/.m2/repository/org/mockito/mockito-core/5.11.0/mockito-core-5.11.0.jar:/Users/tim.kelly/.m2/repository/net/bytebuddy/byte-buddy-agent/1.14.18/byte-buddy-agent-1.14.18.jar:/Users/tim.kelly/.m2/repository/org/objenesis/objenesis/3.3/objenesis-3.3.jar:/Users/tim.kelly/.m2/repository/org/mockito/mockito-junit-jupiter/5.11.0/mockito-junit-jupiter-5.11.0.jar:/Users/tim.kelly/.m2/repository/org/skyscreamer/jsonassert/1.5.3/jsonassert-1.5.3.jar:/Users/tim.kelly/.m2/repository/com/vaadin/external/google/android-json/0.0.20131108.vaadin1/android-json-0.0.20131108.vaadin1.jar:/Users/tim.kelly/.m2/repository/org/springframework/spring-core/6.1.11/spring-core-6.1.11.jar:/Users/tim.kelly/.m2/repository/org/springframework/spring-jcl/6.1.11/spring-jcl-6.1.11.jar:/Users/tim.kelly/.m2/repository/org/springframework/spring-test/6.1.11/spring-test-6.1.11.jar:/Users/tim.kelly/.m2/repository/org/xmlunit/xmlunit-core/2.9.1/xmlunit-core-2.9.1.jar:"/>
    <property name="java.vm.vendor" value="Oracle Corporation"/>
    <property name="sun.arch.data.model" value="64"/>
    <property name="java.vendor.url" value="https://java.oracle.com/"/>
    <property name="user.timezone" value="Europe/Dublin"/>
    <property name="os.name" value="Mac OS X"/>
    <property name="java.vm.specification.version" value="22"/>
    <property name="sun.java.launcher" value="SUN_STANDARD"/>
    <property name="user.country" value="IE"/>
    <property name="sun.boot.library.path" value="/Library/Java/JavaVirtualMachines/jdk-22.jdk/Contents/Home/lib"/>
    <property name="sun.java.command" value="/Users/tim.kelly/Documents/JavaProjects/lyric-semantic-search/target/surefire/surefirebooter-20240808132444454_3.jar /Users/tim.kelly/Documents/JavaProjects/lyric-semantic-search/target/surefire 2024-08-08T13-24-44_408-jvmRun1 surefire-20240808132444454_1tmp surefire_0-20240808132444454_2tmp"/>
    <property name="http.nonProxyHosts" value="local|*.local|169.254/16|*.169.254/16"/>
    <property name="jdk.debug" value="release"/>
    <property name="surefire.test.class.path" value="/Users/tim.kelly/Documents/JavaProjects/lyric-semantic-search/target/test-classes:/Users/tim.kelly/Documents/JavaProjects/lyric-semantic-search/target/classes:/Users/tim.kelly/.m2/repository/org/springframework/boot/spring-boot-starter-data-mongodb/3.3.2/spring-boot-starter-data-mongodb-3.3.2.jar:/Users/tim.kelly/.m2/repository/org/springframework/boot/spring-boot-starter/3.3.2/spring-boot-starter-3.3.2.jar:/Users/tim.kelly/.m2/repository/org/springframework/boot/spring-boot/3.3.2/spring-boot-3.3.2.jar:/Users/tim.kelly/.m2/repository/org/springframework/boot/spring-boot-autoconfigure/3.3.2/spring-boot-autoconfigure-3.3.2.jar:/Users/tim.kelly/.m2/repository/org/springframework/boot/spring-boot-starter-logging/3.3.2/spring-boot-starter-logging-3.3.2.jar:/Users/tim.kelly/.m2/repository/ch/qos/logback/logback-classic/1.5.6/logback-classic-1.5.6.jar:/Users/tim.kelly/.m2/repository/ch/qos/logback/logback-core/1.5.6/logback-core-1.5.6.jar:/Users/tim.kelly/.m2/repository/org/apache/logging/log4j/log4j-to-slf4j/2.23.1/log4j-to-slf4j-2.23.1.jar:/Users/tim.kelly/.m2/repository/org/apache/logging/log4j/log4j-api/2.23.1/log4j-api-2.23.1.jar:/Users/tim.kelly/.m2/repository/org/slf4j/jul-to-slf4j/2.0.13/jul-to-slf4j-2.0.13.jar:/Users/tim.kelly/.m2/repository/jakarta/annotation/jakarta.annotation-api/2.1.1/jakarta.annotation-api-2.1.1.jar:/Users/tim.kelly/.m2/repository/org/yaml/snakeyaml/2.2/snakeyaml-2.2.jar:/Users/tim.kelly/.m2/repository/org/mongodb/mongodb-driver-sync/5.0.1/mongodb-driver-sync-5.0.1.jar:/Users/tim.kelly/.m2/repository/org/mongodb/bson/5.0.1/bson-5.0.1.jar:/Users/tim.kelly/.m2/repository/org/mongodb/mongodb-driver-core/5.0.1/mongodb-driver-core-5.0.1.jar:/Users/tim.kelly/.m2/repository/org/mongodb/bson-record-codec/5.0.1/bson-record-codec-5.0.1.jar:/Users/tim.kelly/.m2/repository/org/springframework/data/spring-data-mongodb/4.3.2/spring-data-mongodb-4.3.2.jar:/Users/tim.kelly/.m2/repository/org/springframework/spring-tx/6.1.11/spring-tx-6.1.11.jar:/Users/tim.kelly/.m2/repository/org/springframework/spring-context/6.1.11/spring-context-6.1.11.jar:/Users/tim.kelly/.m2/repository/org/springframework/spring-beans/6.1.11/spring-beans-6.1.11.jar:/Users/tim.kelly/.m2/repository/org/springframework/spring-expression/6.1.11/spring-expression-6.1.11.jar:/Users/tim.kelly/.m2/repository/org/springframework/data/spring-data-commons/3.3.2/spring-data-commons-3.3.2.jar:/Users/tim.kelly/.m2/repository/org/slf4j/slf4j-api/2.0.13/slf4j-api-2.0.13.jar:/Users/tim.kelly/.m2/repository/org/springframework/boot/spring-boot-starter-web/3.3.2/spring-boot-starter-web-3.3.2.jar:/Users/tim.kelly/.m2/repository/org/springframework/boot/spring-boot-starter-json/3.3.2/spring-boot-starter-json-3.3.2.jar:/Users/tim.kelly/.m2/repository/com/fasterxml/jackson/core/jackson-databind/2.17.2/jackson-databind-2.17.2.jar:/Users/tim.kelly/.m2/repository/com/fasterxml/jackson/core/jackson-annotations/2.17.2/jackson-annotations-2.17.2.jar:/Users/tim.kelly/.m2/repository/com/fasterxml/jackson/core/jackson-core/2.17.2/jackson-core-2.17.2.jar:/Users/tim.kelly/.m2/repository/com/fasterxml/jackson/datatype/jackson-datatype-jdk8/2.17.2/jackson-datatype-jdk8-2.17.2.jar:/Users/tim.kelly/.m2/repository/com/fasterxml/jackson/datatype/jackson-datatype-jsr310/2.17.2/jackson-datatype-jsr310-2.17.2.jar:/Users/tim.kelly/.m2/repository/com/fasterxml/jackson/module/jackson-module-parameter-names/2.17.2/jackson-module-parameter-names-2.17.2.jar:/Users/tim.kelly/.m2/repository/org/springframework/boot/spring-boot-starter-tomcat/3.3.2/spring-boot-starter-tomcat-3.3.2.jar:/Users/tim.kelly/.m2/repository/org/apache/tomcat/embed/tomcat-embed-core/10.1.26/tomcat-embed-core-10.1.26.jar:/Users/tim.kelly/.m2/repository/org/apache/tomcat/embed/tomcat-embed-el/10.1.26/tomcat-embed-el-10.1.26.jar:/Users/tim.kelly/.m2/repository/org/apache/tomcat/embed/tomcat-embed-websocket/10.1.26/tomcat-embed-websocket-10.1.26.jar:/Users/tim.kelly/.m2/repository/org/springframework/spring-web/6.1.11/spring-web-6.1.11.jar:/Users/tim.kelly/.m2/repository/io/micrometer/micrometer-observation/1.13.2/micrometer-observation-1.13.2.jar:/Users/tim.kelly/.m2/repository/io/micrometer/micrometer-commons/1.13.2/micrometer-commons-1.13.2.jar:/Users/tim.kelly/.m2/repository/org/springframework/spring-webmvc/6.1.11/spring-webmvc-6.1.11.jar:/Users/tim.kelly/.m2/repository/org/springframework/spring-aop/6.1.11/spring-aop-6.1.11.jar:/Users/tim.kelly/.m2/repository/org/springframework/ai/spring-ai-mongodb-atlas-store-spring-boot-starter/1.0.0-SNAPSHOT/spring-ai-mongodb-atlas-store-spring-boot-starter-1.0.0-SNAPSHOT.jar:/Users/tim.kelly/.m2/repository/org/springframework/ai/spring-ai-spring-boot-autoconfigure/1.0.0-SNAPSHOT/spring-ai-spring-boot-autoconfigure-1.0.0-SNAPSHOT.jar:/Users/tim.kelly/.m2/repository/org/springframework/ai/spring-ai-mongodb-atlas-store/1.0.0-SNAPSHOT/spring-ai-mongodb-atlas-store-1.0.0-SNAPSHOT.jar:/Users/tim.kelly/.m2/repository/org/springframework/ai/spring-ai-core/1.0.0-SNAPSHOT/spring-ai-core-1.0.0-SNAPSHOT.jar:/Users/tim.kelly/.m2/repository/io/swagger/core/v3/swagger-annotations/2.2.20/swagger-annotations-2.2.20.jar:/Users/tim.kelly/.m2/repository/com/github/victools/jsonschema-module-swagger-2/4.35.0/jsonschema-module-swagger-2-4.35.0.jar:/Users/tim.kelly/.m2/repository/org/springframework/cloud/spring-cloud-function-context/4.1.3/spring-cloud-function-context-4.1.3.jar:/Users/tim.kelly/.m2/repository/net/jodah/typetools/0.6.2/typetools-0.6.2.jar:/Users/tim.kelly/.m2/repository/org/springframework/cloud/spring-cloud-function-core/4.1.3/spring-cloud-function-core-4.1.3.jar:/Users/tim.kelly/.m2/repository/org/json/json/20240303/json-20240303.jar:/Users/tim.kelly/.m2/repository/org/antlr/ST4/4.3.4/ST4-4.3.4.jar:/Users/tim.kelly/.m2/repository/org/antlr/antlr-runtime/3.5.3/antlr-runtime-3.5.3.jar:/Users/tim.kelly/.m2/repository/org/antlr/antlr4-runtime/4.13.1/antlr4-runtime-4.13.1.jar:/Users/tim.kelly/.m2/repository/io/projectreactor/reactor-core/3.6.8/reactor-core-3.6.8.jar:/Users/tim.kelly/.m2/repository/org/reactivestreams/reactive-streams/1.0.4/reactive-streams-1.0.4.jar:/Users/tim.kelly/.m2/repository/org/springframework/spring-messaging/6.1.11/spring-messaging-6.1.11.jar:/Users/tim.kelly/.m2/repository/io/micrometer/micrometer-core/1.13.2/micrometer-core-1.13.2.jar:/Users/tim.kelly/.m2/repository/org/hdrhistogram/HdrHistogram/2.2.2/HdrHistogram-2.2.2.jar:/Users/tim.kelly/.m2/repository/org/latencyutils/LatencyUtils/2.0.3/LatencyUtils-2.0.3.jar:/Users/tim.kelly/.m2/repository/com/knuddels/jtokkit/1.1.0/jtokkit-1.1.0.jar:/Users/tim.kelly/.m2/repository/org/springframework/ai/spring-ai-openai-spring-boot-starter/1.0.0-SNAPSHOT/spring-ai-openai-spring-boot-starter-1.0.0-SNAPSHOT.jar:/Users/tim.kelly/.m2/repository/org/springframework/ai/spring-ai-openai/1.0.0-SNAPSHOT/spring-ai-openai-1.0.0-SNAPSHOT.jar:/Users/tim.kelly/.m2/repository/org/springframework/ai/spring-ai-retry/1.0.0-SNAPSHOT/spring-ai-retry-1.0.0-SNAPSHOT.jar:/Users/tim.kelly/.m2/repository/org/springframework/retry/spring-retry/2.0.7/spring-retry-2.0.7.jar:/Users/tim.kelly/.m2/repository/org/springframework/spring-webflux/6.1.11/spring-webflux-6.1.11.jar:/Users/tim.kelly/.m2/repository/io/rest-assured/json-path/5.4.0/json-path-5.4.0.jar:/Users/tim.kelly/.m2/repository/org/apache/groovy/groovy-json/4.0.22/groovy-json-4.0.22.jar:/Users/tim.kelly/.m2/repository/org/apache/groovy/groovy/4.0.22/groovy-4.0.22.jar:/Users/tim.kelly/.m2/repository/io/rest-assured/rest-assured-common/5.4.0/rest-assured-common-5.4.0.jar:/Users/tim.kelly/.m2/repository/org/apache/commons/commons-lang3/3.14.0/commons-lang3-3.14.0.jar:/Users/tim.kelly/.m2/repository/com/github/victools/jsonschema-generator/4.31.1/jsonschema-generator-4.31.1.jar:/Users/tim.kelly/.m2/repository/com/fasterxml/classmate/1.7.0/classmate-1.7.0.jar:/Users/tim.kelly/.m2/repository/com/github/victools/jsonschema-module-jackson/4.31.1/jsonschema-module-jackson-4.31.1.jar:/Users/tim.kelly/.m2/repository/org/springframework/spring-context-support/6.1.11/spring-context-support-6.1.11.jar:/Users/tim.kelly/.m2/repository/org/springframework/boot/spring-boot-starter-test/3.3.2/spring-boot-starter-test-3.3.2.jar:/Users/tim.kelly/.m2/repository/org/springframework/boot/spring-boot-test/3.3.2/spring-boot-test-3.3.2.jar:/Users/tim.kelly/.m2/repository/org/springframework/boot/spring-boot-test-autoconfigure/3.3.2/spring-boot-test-autoconfigure-3.3.2.jar:/Users/tim.kelly/.m2/repository/com/jayway/jsonpath/json-path/2.9.0/json-path-2.9.0.jar:/Users/tim.kelly/.m2/repository/jakarta/xml/bind/jakarta.xml.bind-api/4.0.2/jakarta.xml.bind-api-4.0.2.jar:/Users/tim.kelly/.m2/repository/jakarta/activation/jakarta.activation-api/2.1.3/jakarta.activation-api-2.1.3.jar:/Users/tim.kelly/.m2/repository/net/minidev/json-smart/2.5.1/json-smart-2.5.1.jar:/Users/tim.kelly/.m2/repository/net/minidev/accessors-smart/2.5.1/accessors-smart-2.5.1.jar:/Users/tim.kelly/.m2/repository/org/ow2/asm/asm/9.6/asm-9.6.jar:/Users/tim.kelly/.m2/repository/org/assertj/assertj-core/3.25.3/assertj-core-3.25.3.jar:/Users/tim.kelly/.m2/repository/net/bytebuddy/byte-buddy/1.14.18/byte-buddy-1.14.18.jar:/Users/tim.kelly/.m2/repository/org/awaitility/awaitility/4.2.1/awaitility-4.2.1.jar:/Users/tim.kelly/.m2/repository/org/hamcrest/hamcrest/2.2/hamcrest-2.2.jar:/Users/tim.kelly/.m2/repository/org/junit/jupiter/junit-jupiter/5.10.3/junit-jupiter-5.10.3.jar:/Users/tim.kelly/.m2/repository/org/junit/jupiter/junit-jupiter-api/5.10.3/junit-jupiter-api-5.10.3.jar:/Users/tim.kelly/.m2/repository/org/opentest4j/opentest4j/1.3.0/opentest4j-1.3.0.jar:/Users/tim.kelly/.m2/repository/org/junit/platform/junit-platform-commons/1.10.3/junit-platform-commons-1.10.3.jar:/Users/tim.kelly/.m2/repository/org/apiguardian/apiguardian-api/1.1.2/apiguardian-api-1.1.2.jar:/Users/tim.kelly/.m2/repository/org/junit/jupiter/junit-jupiter-params/5.10.3/junit-jupiter-params-5.10.3.jar:/Users/tim.kelly/.m2/repository/org/junit/jupiter/junit-jupiter-engine/5.10.3/junit-jupiter-engine-5.10.3.jar:/Users/tim.kelly/.m2/repository/org/junit/platform/junit-platform-engine/1.10.3/junit-platform-engine-1.10.3.jar:/Users/tim.kelly/.m2/repository/org/mockito/mockito-core/5.11.0/mockito-core-5.11.0.jar:/Users/tim.kelly/.m2/repository/net/bytebuddy/byte-buddy-agent/1.14.18/byte-buddy-agent-1.14.18.jar:/Users/tim.kelly/.m2/repository/org/objenesis/objenesis/3.3/objenesis-3.3.jar:/Users/tim.kelly/.m2/repository/org/mockito/mockito-junit-jupiter/5.11.0/mockito-junit-jupiter-5.11.0.jar:/Users/tim.kelly/.m2/repository/org/skyscreamer/jsonassert/1.5.3/jsonassert-1.5.3.jar:/Users/tim.kelly/.m2/repository/com/vaadin/external/google/android-json/0.0.20131108.vaadin1/android-json-0.0.20131108.vaadin1.jar:/Users/tim.kelly/.m2/repository/org/springframework/spring-core/6.1.11/spring-core-6.1.11.jar:/Users/tim.kelly/.m2/repository/org/springframework/spring-jcl/6.1.11/spring-jcl-6.1.11.jar:/Users/tim.kelly/.m2/repository/org/springframework/spring-test/6.1.11/spring-test-6.1.11.jar:/Users/tim.kelly/.m2/repository/org/xmlunit/xmlunit-core/2.9.1/xmlunit-core-2.9.1.jar:"/>
    <property name="sun.cpu.endian" value="little"/>
    <property name="user.home" value="/Users/tim.kelly"/>
    <property name="user.language" value="en"/>
    <property name="java.specification.vendor" value="Oracle Corporation"/>
    <property name="java.version.date" value="2024-03-19"/>
    <property name="java.home" value="/Library/Java/JavaVirtualMachines/jdk-22.jdk/Contents/Home"/>
    <property name="file.separator" value="/"/>
    <property name="basedir" value="/Users/tim.kelly/Documents/JavaProjects/lyric-semantic-search"/>
    <property name="style.color" value="always"/>
    <property name="java.vm.compressedOopsMode" value="Zero based"/>
    <property name="line.separator" value="&#10;"/>
    <property name="java.vm.specification.vendor" value="Oracle Corporation"/>
    <property name="java.specification.name" value="Java Platform API Specification"/>
    <property name="FILE_LOG_CHARSET" value="UTF-8"/>
    <property name="java.awt.headless" value="true"/>
    <property name="apple.awt.application.name" value="ForkedBooter"/>
    <property name="surefire.real.class.path" value="/Users/tim.kelly/Documents/JavaProjects/lyric-semantic-search/target/surefire/surefirebooter-20240808132444454_3.jar"/>
    <property name="sun.management.compiler" value="HotSpot 64-Bit Tiered Compilers"/>
    <property name="ftp.nonProxyHosts" value="local|*.local|169.254/16|*.169.254/16"/>
    <property name="java.runtime.version" value="22+36-2370"/>
    <property name="user.name" value="tim.kelly"/>
    <property name="stdout.encoding" value="UTF-8"/>
    <property name="path.separator" value=":"/>
    <property name="os.version" value="14.5"/>
    <property name="java.runtime.name" value="Java(TM) SE Runtime Environment"/>
    <property name="file.encoding" value="UTF-8"/>
    <property name="java.vm.name" value="Java HotSpot(TM) 64-Bit Server VM"/>
    <property name="localRepository" value="/Users/tim.kelly/.m2/repository"/>
    <property name="java.vendor.url.bug" value="https://bugreport.java.com/bugreport/"/>
    <property name="java.io.tmpdir" value="/var/folders/tl/2jkr04vs7fb9m3q3zxkl22040000gp/T/"/>
    <property name="java.version" value="22"/>
    <property name="user.dir" value="/Users/tim.kelly/Documents/JavaProjects/lyric-semantic-search"/>
    <property name="os.arch" value="aarch64"/>
    <property name="java.vm.specification.name" value="Java Virtual Machine Specification"/>
    <property name="PID" value="28342"/>
    <property name="CONSOLE_LOG_CHARSET" value="UTF-8"/>
    <property name="native.encoding" value="UTF-8"/>
    <property name="java.library.path" value="/Users/tim.kelly/Library/Java/Extensions:/Library/Java/Extensions:/Network/Library/Java/Extensions:/System/Library/Java/Extensions:/usr/lib/java:."/>
    <property name="java.vm.info" value="mixed mode, sharing"/>
    <property name="stderr.encoding" value="UTF-8"/>
    <property name="java.vendor" value="Oracle Corporation"/>
    <property name="java.vm.version" value="22+36-2370"/>
    <property name="sun.io.unicode.encoding" value="UnicodeBig"/>
    <property name="socksNonProxyHosts" value="local|*.local|169.254/16|*.169.254/16"/>
    <property name="java.class.version" value="66.0"/>
    <property name="LOGGED_APPLICATION_NAME" value="[lyric-semantic-search] "/>
  </properties>
  <testcase name="contextLoads" classname="com.mongodb.lyric_semantic_search.LyricSemanticSearchApplicationTests" time="0.465">
    <system-out><![CDATA[13:24:44.858 [main] INFO org.springframework.test.context.support.AnnotationConfigContextLoaderUtils -- Could not detect default configuration classes for test class [com.mongodb.lyric_semantic_search.LyricSemanticSearchApplicationTests]: LyricSemanticSearchApplicationTests does not declare any static, non-private, non-final, nested classes annotated with @Configuration.
13:24:44.910 [main] INFO org.springframework.boot.test.context.SpringBootTestContextBootstrapper -- Found @SpringBootConfiguration com.mongodb.lyric_semantic_search.LyricSemanticSearchApplication for test class com.mongodb.lyric_semantic_search.LyricSemanticSearchApplicationTests

  .   ____          _            __ _ _
 /\\ / ___'_ __ _ _(_)_ __  __ _ \ \ \ \
( ( )\___ | '_ | '_| | '_ \/ _` | \ \ \ \
 \\/  ___)| |_)| | | | | || (_| |  ) ) ) )
  '  |____| .__|_| |_|_| |_\__, | / / / /
 =========|_|==============|___/=/_/_/_/

 :: Spring Boot ::                (v3.3.2)

2024-08-08T13:24:45.103+01:00  WARN 28342 --- [lyric-semantic-search] [           main] ory$DuplicateJsonObjectContextCustomizer : 

Found multiple occurrences of org.json.JSONObject on the class path:

	jar:file:/Users/tim.kelly/.m2/repository/org/json/json/20240303/json-20240303.jar!/org/json/JSONObject.class
	jar:file:/Users/tim.kelly/.m2/repository/com/vaadin/external/google/android-json/0.0.20131108.vaadin1/android-json-0.0.20131108.vaadin1.jar!/org/json/JSONObject.class

You may wish to exclude one of them to ensure predictable runtime behavior

2024-08-08T13:24:45.116+01:00  INFO 28342 --- [lyric-semantic-search] [           main] .m.l.LyricSemanticSearchApplicationTests : Starting LyricSemanticSearchApplicationTests using Java 22 with PID 28342 (started by tim.kelly in /Users/tim.kelly/Documents/JavaProjects/lyric-semantic-search)
2024-08-08T13:24:45.116+01:00  INFO 28342 --- [lyric-semantic-search] [           main] .m.l.LyricSemanticSearchApplicationTests : No active profile set, falling back to 1 default profile: "default"
2024-08-08T13:24:45.522+01:00  INFO 28342 --- [lyric-semantic-search] [           main] .s.d.r.c.RepositoryConfigurationDelegate : Bootstrapping Spring Data MongoDB repositories in DEFAULT mode.
2024-08-08T13:24:45.532+01:00  INFO 28342 --- [lyric-semantic-search] [           main] .s.d.r.c.RepositoryConfigurationDelegate : Finished Spring Data repository scanning in 8 ms. Found 0 MongoDB repository interfaces.
2024-08-08T13:24:45.627+01:00  WARN 28342 --- [lyric-semantic-search] [           main] trationDelegate$BeanPostProcessorChecker : Bean 'org.springframework.ai.autoconfigure.vectorstore.mongo.MongoDBAtlasVectorStoreAutoConfiguration' of type [org.springframework.ai.autoconfigure.vectorstore.mongo.MongoDBAtlasVectorStoreAutoConfiguration] is not eligible for getting processed by all BeanPostProcessors (for example: not eligible for auto-proxying). The currently created BeanPostProcessor [mongoCustomConversionsPostProcessor] is declared through a non-static factory method on that class; consider declaring it as static instead.
2024-08-08T13:24:45.775+01:00  INFO 28342 --- [lyric-semantic-search] [           main] org.mongodb.driver.client                : MongoClient with metadata {"application": {"name": "Cluster1"}, "driver": {"name": "mongo-java-driver|sync|spring-boot", "version": "5.0.1"}, "os": {"type": "Darwin", "name": "Mac OS X", "architecture": "aarch64", "version": "14.5"}, "platform": "Java/Oracle Corporation/22+36-2370"} created with settings MongoClientSettings{readPreference=primary, writeConcern=WriteConcern{w=majority, wTimeout=null ms, journal=null}, retryWrites=true, retryReads=true, readConcern=ReadConcern{level=null}, credential=MongoCredential{mechanism=null, userName='timkelly', source='admin', password=<hidden>, mechanismProperties=<hidden>}, transportSettings=null, commandListeners=[], codecRegistry=ProvidersCodecRegistry{codecProviders=[ValueCodecProvider{}, BsonValueCodecProvider{}, DBRefCodecProvider{}, DBObjectCodecProvider{}, DocumentCodecProvider{}, CollectionCodecProvider{}, IterableCodecProvider{}, MapCodecProvider{}, GeoJsonCodecProvider{}, GridFSFileCodecProvider{}, Jsr310CodecProvider{}, JsonObjectCodecProvider{}, BsonCodecProvider{}, EnumCodecProvider{}, com.mongodb.client.model.mql.ExpressionCodecProvider@2ce03e86, com.mongodb.Jep395RecordCodecProvider@1c628f6a, com.mongodb.KotlinCodecProvider@9b47400]}, loggerSettings=LoggerSettings{maxDocumentLength=1000}, clusterSettings={hosts=[127.0.0.1:27017], srvHost=cluster1.gdy5a.mongodb.net, srvServiceName=mongodb, mode=MULTIPLE, requiredClusterType=REPLICA_SET, requiredReplicaSetName='atlas-wvb17m-shard-0', serverSelector='null', clusterListeners='[]', serverSelectionTimeout='30000 ms', localThreshold='15 ms'}, socketSettings=SocketSettings{connectTimeoutMS=10000, readTimeoutMS=0, receiveBufferSize=0, proxySettings=ProxySettings{host=null, port=null, username=null, password=null}}, heartbeatSocketSettings=SocketSettings{connectTimeoutMS=10000, readTimeoutMS=10000, receiveBufferSize=0, proxySettings=ProxySettings{host=null, port=null, username=null, password=null}}, connectionPoolSettings=ConnectionPoolSettings{maxSize=100, minSize=0, maxWaitTimeMS=120000, maxConnectionLifeTimeMS=0, maxConnectionIdleTimeMS=0, maintenanceInitialDelayMS=0, maintenanceFrequencyMS=60000, connectionPoolListeners=[], maxConnecting=2}, serverSettings=ServerSettings{heartbeatFrequencyMS=10000, minHeartbeatFrequencyMS=500, serverListeners='[]', serverMonitorListeners='[]'}, sslSettings=SslSettings{enabled=true, invalidHostNameAllowed=false, context=null}, applicationName='Cluster1', compressorList=[], uuidRepresentation=JAVA_LEGACY, serverApi=null, autoEncryptionSettings=null, dnsClient=null, inetAddressResolver=null, contextProvider=null}
2024-08-08T13:24:45.828+01:00  INFO 28342 --- [lyric-semantic-search] [y5a.mongodb.net] org.mongodb.driver.cluster               : Adding discovered server cluster1-shard-00-02.gdy5a.mongodb.net:27017 to client view of cluster
2024-08-08T13:24:45.844+01:00  INFO 28342 --- [lyric-semantic-search] [y5a.mongodb.net] org.mongodb.driver.cluster               : Adding discovered server cluster1-shard-00-01.gdy5a.mongodb.net:27017 to client view of cluster
2024-08-08T13:24:45.846+01:00  INFO 28342 --- [lyric-semantic-search] [y5a.mongodb.net] org.mongodb.driver.cluster               : Adding discovered server cluster1-shard-00-00.gdy5a.mongodb.net:27017 to client view of cluster
2024-08-08T13:24:46.011+01:00  INFO 28342 --- [lyric-semantic-search] [           main] org.mongodb.driver.cluster               : Waiting for server to become available for operation with ID 1. Remaining time: 30000 ms. Selector: ReadPreferenceServerSelector{readPreference=primary}, topology description: {type=REPLICA_SET, servers=[{address=cluster1-shard-00-02.gdy5a.mongodb.net:27017, type=UNKNOWN, state=CONNECTING}, {address=cluster1-shard-00-01.gdy5a.mongodb.net:27017, type=UNKNOWN, state=CONNECTING}, {address=cluster1-shard-00-00.gdy5a.mongodb.net:27017, type=UNKNOWN, state=CONNECTING}].
2024-08-08T13:24:46.295+01:00  INFO 28342 --- [lyric-semantic-search] [ngodb.net:27017] org.mongodb.driver.cluster               : Monitor thread successfully connected to server with description ServerDescription{address=cluster1-shard-00-01.gdy5a.mongodb.net:27017, type=REPLICA_SET_SECONDARY, state=CONNECTED, ok=true, minWireVersion=0, maxWireVersion=21, maxDocumentSize=16777216, logicalSessionTimeoutMinutes=30, roundTripTimeNanos=247274833, setName='atlas-wvb17m-shard-0', canonicalAddress=cluster1-shard-00-01.gdy5a.mongodb.net:27017, hosts=[cluster1-shard-00-02.gdy5a.mongodb.net:27017, cluster1-shard-00-00.gdy5a.mongodb.net:27017, cluster1-shard-00-01.gdy5a.mongodb.net:27017], passives=[], arbiters=[], primary='cluster1-shard-00-02.gdy5a.mongodb.net:27017', tagSet=TagSet{[Tag{name='availabilityZone', value='2'}, Tag{name='diskState', value='READY'}, Tag{name='nodeType', value='ELECTABLE'}, Tag{name='provider', value='AZURE'}, Tag{name='region', value='EUROPE_NORTH'}, Tag{name='workloadType', value='OPERATIONAL'}]}, electionId=null, setVersion=1, topologyVersion=TopologyVersion{processId=66b34d3d996a2764ba0b8cf3, counter=5}, lastWriteDate=Thu Aug 08 13:24:45 IST 2024, lastUpdateTimeNanos=327290835553958}
2024-08-08T13:24:46.295+01:00  INFO 28342 --- [lyric-semantic-search] [ngodb.net:27017] org.mongodb.driver.cluster               : Monitor thread successfully connected to server with description ServerDescription{address=cluster1-shard-00-00.gdy5a.mongodb.net:27017, type=REPLICA_SET_SECONDARY, state=CONNECTED, ok=true, minWireVersion=0, maxWireVersion=21, maxDocumentSize=16777216, logicalSessionTimeoutMinutes=30, roundTripTimeNanos=249042916, setName='atlas-wvb17m-shard-0', canonicalAddress=cluster1-shard-00-00.gdy5a.mongodb.net:27017, hosts=[cluster1-shard-00-02.gdy5a.mongodb.net:27017, cluster1-shard-00-00.gdy5a.mongodb.net:27017, cluster1-shard-00-01.gdy5a.mongodb.net:27017], passives=[], arbiters=[], primary='cluster1-shard-00-02.gdy5a.mongodb.net:27017', tagSet=TagSet{[Tag{name='availabilityZone', value='1'}, Tag{name='diskState', value='READY'}, Tag{name='nodeType', value='ELECTABLE'}, Tag{name='provider', value='AZURE'}, Tag{name='region', value='EUROPE_NORTH'}, Tag{name='workloadType', value='OPERATIONAL'}]}, electionId=null, setVersion=1, topologyVersion=TopologyVersion{processId=66b34d24ee59154135e4432c, counter=8}, lastWriteDate=Thu Aug 08 13:24:45 IST 2024, lastUpdateTimeNanos=327290836754833}
2024-08-08T13:24:46.295+01:00  INFO 28342 --- [lyric-semantic-search] [ngodb.net:27017] org.mongodb.driver.cluster               : Monitor thread successfully connected to server with description ServerDescription{address=cluster1-shard-00-02.gdy5a.mongodb.net:27017, type=REPLICA_SET_PRIMARY, state=CONNECTED, ok=true, minWireVersion=0, maxWireVersion=21, maxDocumentSize=16777216, logicalSessionTimeoutMinutes=30, roundTripTimeNanos=249868458, setName='atlas-wvb17m-shard-0', canonicalAddress=cluster1-shard-00-02.gdy5a.mongodb.net:27017, hosts=[cluster1-shard-00-02.gdy5a.mongodb.net:27017, cluster1-shard-00-00.gdy5a.mongodb.net:27017, cluster1-shard-00-01.gdy5a.mongodb.net:27017], passives=[], arbiters=[], primary='cluster1-shard-00-02.gdy5a.mongodb.net:27017', tagSet=TagSet{[Tag{name='availabilityZone', value='3'}, Tag{name='diskState', value='READY'}, Tag{name='nodeType', value='ELECTABLE'}, Tag{name='provider', value='AZURE'}, Tag{name='region', value='EUROPE_NORTH'}, Tag{name='workloadType', value='OPERATIONAL'}]}, electionId=7fffffff0000000000000002, setVersion=1, topologyVersion=TopologyVersion{processId=66b34d26091c5afd7d012a7a, counter=7}, lastWriteDate=Thu Aug 08 13:24:45 IST 2024, lastUpdateTimeNanos=327290838138875}
2024-08-08T13:24:46.297+01:00  INFO 28342 --- [lyric-semantic-search] [ngodb.net:27017] org.mongodb.driver.cluster               : Discovered replica set primary cluster1-shard-00-02.gdy5a.mongodb.net:27017 with max election id 7fffffff0000000000000002 and max set version 1
2024-08-08T13:24:47.574+01:00  INFO 28342 --- [lyric-semantic-search] [           main] .m.l.LyricSemanticSearchApplicationTests : Started LyricSemanticSearchApplicationTests in 2.598 seconds (process running for 3.055)
]]></system-out>
    <system-err><![CDATA[WARNING: A Java agent has been loaded dynamically (/Users/tim.kelly/.m2/repository/net/bytebuddy/byte-buddy-agent/1.14.18/byte-buddy-agent-1.14.18.jar)
WARNING: If a serviceability tool is in use, please run with -XX:+EnableDynamicAgentLoading to hide this warning
WARNING: If a serviceability tool is not in use, please run with -Djdk.instrument.traceUsage for more information
WARNING: Dynamic loading of agents will be disallowed by default in a future release
]]></system-err>
  </testcase>
</testsuite>